<?xml version="1.0" encoding="UTF-8"?>
<testng-results skipped="0" failed="0" total="2" passed="2">
  <reporter-output>
  </reporter-output>
  <suite name="Suite" duration-ms="421065" started-at="2015-12-21T08:20:48Z" finished-at="2015-12-21T08:27:49Z">
    <groups>
    </groups>
    <test name="Test" duration-ms="421065" started-at="2015-12-21T08:20:48Z" finished-at="2015-12-21T08:27:49Z">
      <class name="com.walmarttest.tests.End2EndTests">
        <test-method status="PASS" signature="initializeSetup(java.lang.String, java.lang.String, java.lang.String)[pri:0, instance:com.walmarttest.tests.End2EndTests@c818063]" name="initializeSetup" is-config="true" duration-ms="39582" started-at="2015-12-21T02:20:48Z" finished-at="2015-12-21T02:21:28Z">
          <params>
            <param index="0">
              <value>
                <![CDATA[chrome]]>
              </value>
            </param>
            <param index="1">
              <value>
                <![CDATA[http://mobile.walmart.com]]>
              </value>
            </param>
            <param index="2">
              <value>
                <![CDATA[Google Nexus 5]]>
              </value>
            </param>
          </params>
          <reporter-output>
          </reporter-output>
        </test-method> <!-- initializeSetup -->
        <test-method status="PASS" signature="setUp()[pri:0, instance:com.walmarttest.tests.End2EndTests@c818063]" name="setUp" is-config="true" duration-ms="18" started-at="2015-12-21T02:21:28Z" finished-at="2015-12-21T02:21:28Z">
          <reporter-output>
          </reporter-output>
        </test-method> <!-- setUp -->
        <test-method status="PASS" signature="TestCase1(java.lang.String)[pri:0, instance:com.walmarttest.tests.End2EndTests@c818063]" name="TestCase1" duration-ms="178374" started-at="2015-12-21T02:21:28Z" data-provider="searchItems" finished-at="2015-12-21T02:24:26Z">
          <params>
            <param index="0">
              <value>
                <![CDATA[tv]]>
              </value>
            </param>
          </params>
          <reporter-output>
          </reporter-output>
        </test-method> <!-- TestCase1 -->
        <test-method status="PASS" signature="TearDown()[pri:0, instance:com.walmarttest.tests.End2EndTests@c818063]" name="TearDown" is-config="true" duration-ms="1433" started-at="2015-12-21T02:24:26Z" finished-at="2015-12-21T02:24:28Z">
          <reporter-output>
          </reporter-output>
        </test-method> <!-- TearDown -->
        <test-method status="PASS" signature="tearDown()[pri:0, instance:com.walmarttest.tests.End2EndTests@c818063]" name="tearDown" is-config="true" duration-ms="2665" started-at="2015-12-21T02:24:28Z" finished-at="2015-12-21T02:24:30Z">
          <reporter-output>
          </reporter-output>
        </test-method> <!-- tearDown -->
        <test-method status="PASS" signature="initializeSetup(java.lang.String, java.lang.String, java.lang.String)[pri:0, instance:com.walmarttest.tests.End2EndTests@c818063]" name="initializeSetup" is-config="true" duration-ms="32371" started-at="2015-12-21T02:24:30Z" finished-at="2015-12-21T02:25:03Z">
          <params>
            <param index="0">
              <value>
                <![CDATA[chrome]]>
              </value>
            </param>
            <param index="1">
              <value>
                <![CDATA[http://mobile.walmart.com]]>
              </value>
            </param>
            <param index="2">
              <value>
                <![CDATA[Google Nexus 5]]>
              </value>
            </param>
          </params>
          <reporter-output>
          </reporter-output>
        </test-method> <!-- initializeSetup -->
        <test-method status="PASS" signature="setUp()[pri:0, instance:com.walmarttest.tests.End2EndTests@c818063]" name="setUp" is-config="true" duration-ms="15" started-at="2015-12-21T02:25:03Z" finished-at="2015-12-21T02:25:03Z">
          <reporter-output>
          </reporter-output>
        </test-method> <!-- setUp -->
        <test-method status="PASS" signature="TestCase1(java.lang.String)[pri:0, instance:com.walmarttest.tests.End2EndTests@c818063]" name="TestCase1" duration-ms="163149" started-at="2015-12-21T02:25:03Z" data-provider="searchItems" finished-at="2015-12-21T02:27:46Z">
          <params>
            <param index="0">
              <value>
                <![CDATA[dvd]]>
              </value>
            </param>
          </params>
          <reporter-output>
          </reporter-output>
        </test-method> <!-- TestCase1 -->
        <test-method status="PASS" signature="TearDown()[pri:0, instance:com.walmarttest.tests.End2EndTests@c818063]" name="TearDown" is-config="true" duration-ms="918" started-at="2015-12-21T02:27:46Z" finished-at="2015-12-21T02:27:47Z">
          <reporter-output>
          </reporter-output>
        </test-method> <!-- TearDown -->
        <test-method status="PASS" signature="tearDown()[pri:0, instance:com.walmarttest.tests.End2EndTests@c818063]" name="tearDown" is-config="true" duration-ms="2471" started-at="2015-12-21T02:27:47Z" finished-at="2015-12-21T02:27:49Z">
          <reporter-output>
          </reporter-output>
        </test-method> <!-- tearDown -->
      </class> <!-- com.walmarttest.tests.End2EndTests -->
    </test> <!-- Test -->
  </suite> <!-- Suite -->
</testng-results>
